Broadcast Receivers/BcastRecCompBcast/app/build/intermediates/manifest_merge_blame_file/debug/manifest-merger-blame-debug-report.txt
1<?xml version="1.0" encoding="utf-8"?>
2<manifest xmlns:android="http://schemas.android.com/apk/res/android"
3    package="course.examples.broadcastreceiver.compoundbroadcast"
4    android:versionCode="1"
5    android:versionName="1.0" >
6
7    <uses-sdk
8        android:minSdkVersion="19"
8-->src\main\AndroidManifest.xml
9        android:targetSdkVersion="28" />
9-->src\main\AndroidManifest.xml
10
11    <uses-permission android:name="android.permission.VIBRATE" >
11-->src\main\AndroidManifest.xml:7:5-8:23
11-->src\main\AndroidManifest.xml:7:22-63
12    </uses-permission>
13
14    <application
14-->src\main\AndroidManifest.xml:10:5-40:19
15        android:allowBackup="false"
15-->src\main\AndroidManifest.xml:11:9-36
16        android:debuggable="true"
17        android:icon="@drawable/ic_launcher"
17-->src\main\AndroidManifest.xml:12:9-45
18        android:label="@string/app_name"
18-->src\main\AndroidManifest.xml:13:9-41
19        android:testOnly="true" >
20        <activity
20-->src\main\AndroidManifest.xml:14:9-22:20
21            android:name="course.examples.broadcastreceiver.compoundbroadcast.CompoundBroadcast"
21-->src\main\AndroidManifest.xml:15:13-46
22            android:label="@string/app_name" >
22-->src\main\AndroidManifest.xml:16:13-45
23            <intent-filter>
23-->src\main\AndroidManifest.xml:17:13-21:29
24                <action android:name="android.intent.action.MAIN" />
24-->src\main\AndroidManifest.xml:18:17-69
24-->src\main\AndroidManifest.xml:18:25-66
25
26                <category android:name="android.intent.category.LAUNCHER" />
26-->src\main\AndroidManifest.xml:20:17-77
26-->src\main\AndroidManifest.xml:20:27-74
27            </intent-filter>
28        </activity>
29
30        <receiver
30-->src\main\AndroidManifest.xml:24:9-31:20
31            android:name="course.examples.broadcastreceiver.compoundbroadcast.Receiver2"
31-->src\main\AndroidManifest.xml:25:13-38
32            android:exported="false" >
32-->src\main\AndroidManifest.xml:26:13-37
33            <intent-filter>
33-->src\main\AndroidManifest.xml:27:13-30:29
34                <action android:name="course.examples.BroadcastReceiver.show_toast" >
34-->src\main\AndroidManifest.xml:28:17-29:26
34-->src\main\AndroidManifest.xml:28:25-84
35                </action>
36            </intent-filter>
37        </receiver>
38        <receiver
38-->src\main\AndroidManifest.xml:32:9-39:20
39            android:name="course.examples.broadcastreceiver.compoundbroadcast.Receiver3"
39-->src\main\AndroidManifest.xml:33:13-38
40            android:exported="false" >
40-->src\main\AndroidManifest.xml:34:13-37
41            <intent-filter>
41-->src\main\AndroidManifest.xml:27:13-30:29
42                <action android:name="course.examples.BroadcastReceiver.show_toast" >
42-->src\main\AndroidManifest.xml:28:17-29:26
42-->src\main\AndroidManifest.xml:28:25-84
43                </action>
44            </intent-filter>
45        </receiver>
46    </application>
47
48</manifest>